2025-03-09 20:47:08,483 INFO Arguments: Namespace(config='configs/config.yaml', seed=None)
2025-03-09 20:47:08,484 INFO Random seed: 3452
2025-03-09 20:47:08,485 INFO Configuration: {'dataset_name': 'map_small', 'data_with_subfolder': False, 'train_data_path': './dataset_train', 'val_data_path': './dataset_test', 'resume': None, 'batch_size': 10, 'image_shape': [256, 256, 1], 'mask_shape': [256, 256], 'mask_batch_same': True, 'max_delta_shape': [32, 32], 'margin': [0, 0], 'discounted_mask': True, 'spatial_discounting_gamma': 0.9, 'random_crop': False, 'mask_type': 'hole', 'mosaic_unit_size': 12, 'expname': 'map_inpainting', 'cuda': True, 'gpu_ids': [0], 'num_workers': 4, 'lr': 0.0001, 'beta1': 0.5, 'beta2': 0.9, 'n_critic': 4, 'niter': 500000, 'print_iter': 100, 'viz_iter': 2000, 'viz_max_out': 16, 'snapshot_save_iter': 5000, 'coarse_l1_alpha': 1.2, 'l1_loss_alpha': 1.2, 'ae_loss_alpha': 1.2, 'global_wgan_loss_alpha': 1.0, 'gan_loss_alpha': 0.001, 'wgan_gp_lambda': 10, 'netG': {'input_dim': 1, 'ngf': 16, 'past_channels': 5}, 'netD': {'input_dim': 1, 'ndf': 32}, 'uncertainty_iter': 2500, 'mc_dropout_samples': 3, 'dropout_p': 0.3, 'enabled': True, 'shuffle': False, 'val_iter': 2500, 'save_val_images': True}
2025-03-09 20:47:08,485 INFO Training on dataset: map_small
2025-03-09 20:47:08,881 INFO Validating on dataset: map_small
2025-03-09 20:47:09,578 INFO 
Generator(
  (coarse_generator): CoarseGenerator(
    (conv1): Conv2dBlock(
      (pad): ZeroPad2d((0, 0, 0, 0))
      (activation): ELU(alpha=1.0, inplace=True)
      (conv): Conv2d(8, 16, kernel_size=(5, 5), stride=(1, 1), padding=(2, 2))
      (dropout): Dropout2d(p=0.3, inplace=False)
    )
    (conv2_downsample): Conv2dBlock(
      (pad): ZeroPad2d((0, 0, 0, 0))
      (activation): ELU(alpha=1.0, inplace=True)
      (conv): Conv2d(16, 32, kernel_size=(3, 3), stride=(2, 2), padding=(1, 1))
      (dropout): Dropout2d(p=0.3, inplace=False)
    )
    (conv3): Conv2dBlock(
      (pad): ZeroPad2d((0, 0, 0, 0))
      (activation): ELU(alpha=1.0, inplace=True)
      (conv): Conv2d(32, 32, kernel_size=(3, 3), stride=(1, 1), padding=(1, 1))
      (dropout): Dropout2d(p=0.3, inplace=False)
    )
    (conv4_downsample): Conv2dBlock(
      (pad): ZeroPad2d((0, 0, 0, 0))
      (activation): ELU(alpha=1.0, inplace=True)
      (conv): Conv2d(32, 64, kernel_size=(3, 3), stride=(2, 2), padding=(1, 1))
      (dropout): Dropout2d(p=0.3, inplace=False)
    )
    (conv5): Conv2dBlock(
      (pad): ZeroPad2d((0, 0, 0, 0))
      (activation): ELU(alpha=1.0, inplace=True)
      (conv): Conv2d(64, 64, kernel_size=(3, 3), stride=(1, 1), padding=(1, 1))
      (dropout): Dropout2d(p=0.3, inplace=False)
    )
    (conv6): Conv2dBlock(
      (pad): ZeroPad2d((0, 0, 0, 0))
      (activation): ELU(alpha=1.0, inplace=True)
      (conv): Conv2d(64, 64, kernel_size=(3, 3), stride=(1, 1), padding=(1, 1))
      (dropout): Dropout2d(p=0.3, inplace=False)
    )
    (conv7_atrous): Conv2dBlock(
      (pad): ZeroPad2d((0, 0, 0, 0))
      (activation): ELU(alpha=1.0, inplace=True)
      (conv): Conv2d(64, 64, kernel_size=(3, 3), stride=(1, 1), padding=(2, 2), dilation=(2, 2))
      (dropout): Dropout2d(p=0.3, inplace=False)
    )
    (conv8_atrous): Conv2dBlock(
      (pad): ZeroPad2d((0, 0, 0, 0))
      (activation): ELU(alpha=1.0, inplace=True)
      (conv): Conv2d(64, 64, kernel_size=(3, 3), stride=(1, 1), padding=(4, 4), dilation=(4, 4))
      (dropout): Dropout2d(p=0.3, inplace=False)
    )
    (conv9_atrous): Conv2dBlock(
      (pad): ZeroPad2d((0, 0, 0, 0))
      (activation): ELU(alpha=1.0, inplace=True)
      (conv): Conv2d(64, 64, kernel_size=(3, 3), stride=(1, 1), padding=(8, 8), dilation=(8, 8))
      (dropout): Dropout2d(p=0.3, inplace=False)
    )
    (conv10_atrous): Conv2dBlock(
      (pad): ZeroPad2d((0, 0, 0, 0))
      (activation): ELU(alpha=1.0, inplace=True)
      (conv): Conv2d(64, 64, kernel_size=(3, 3), stride=(1, 1), padding=(16, 16), dilation=(16, 16))
      (dropout): Dropout2d(p=0.3, inplace=False)
    )
    (conv11): Conv2dBlock(
      (pad): ZeroPad2d((0, 0, 0, 0))
      (activation): ELU(alpha=1.0, inplace=True)
      (conv): Conv2d(64, 64, kernel_size=(3, 3), stride=(1, 1), padding=(1, 1))
      (dropout): Dropout2d(p=0.3, inplace=False)
    )
    (conv12): Conv2dBlock(
      (pad): ZeroPad2d((0, 0, 0, 0))
      (activation): ELU(alpha=1.0, inplace=True)
      (conv): Conv2d(64, 64, kernel_size=(3, 3), stride=(1, 1), padding=(1, 1))
      (dropout): Dropout2d(p=0.3, inplace=False)
    )
    (conv13): Conv2dBlock(
      (pad): ZeroPad2d((0, 0, 0, 0))
      (activation): ELU(alpha=1.0, inplace=True)
      (conv): Conv2d(64, 32, kernel_size=(3, 3), stride=(1, 1), padding=(1, 1))
      (dropout): Dropout2d(p=0.3, inplace=False)
    )
    (conv14): Conv2dBlock(
      (pad): ZeroPad2d((0, 0, 0, 0))
      (activation): ELU(alpha=1.0, inplace=True)
      (conv): Conv2d(32, 32, kernel_size=(3, 3), stride=(1, 1), padding=(1, 1))
      (dropout): Dropout2d(p=0.3, inplace=False)
    )
    (conv15): Conv2dBlock(
      (pad): ZeroPad2d((0, 0, 0, 0))
      (activation): ELU(alpha=1.0, inplace=True)
      (conv): Conv2d(32, 16, kernel_size=(3, 3), stride=(1, 1), padding=(1, 1))
      (dropout): Dropout2d(p=0.3, inplace=False)
    )
    (conv16): Conv2dBlock(
      (pad): ZeroPad2d((0, 0, 0, 0))
      (activation): ELU(alpha=1.0, inplace=True)
      (conv): Conv2d(16, 8, kernel_size=(3, 3), stride=(1, 1), padding=(1, 1))
      (dropout): Dropout2d(p=0.3, inplace=False)
    )
    (conv17): Conv2dBlock(
      (pad): ZeroPad2d((0, 0, 0, 0))
      (conv): Conv2d(8, 1, kernel_size=(3, 3), stride=(1, 1), padding=(1, 1))
    )
  )
  (fine_generator): FineGenerator(
    (conv1): Conv2dBlock(
      (pad): ZeroPad2d((0, 0, 0, 0))
      (activation): ELU(alpha=1.0, inplace=True)
      (conv): Conv2d(8, 16, kernel_size=(5, 5), stride=(1, 1), padding=(2, 2))
      (dropout): Dropout2d(p=0.3, inplace=False)
    )
    (conv2_downsample): Conv2dBlock(
      (pad): ZeroPad2d((0, 0, 0, 0))
      (activation): ELU(alpha=1.0, inplace=True)
      (conv): Conv2d(16, 16, kernel_size=(3, 3), stride=(2, 2), padding=(1, 1))
      (dropout): Dropout2d(p=0.3, inplace=False)
    )
    (conv3): Conv2dBlock(
      (pad): ZeroPad2d((0, 0, 0, 0))
      (activation): ELU(alpha=1.0, inplace=True)
      (conv): Conv2d(16, 32, kernel_size=(3, 3), stride=(1, 1), padding=(1, 1))
      (dropout): Dropout2d(p=0.3, inplace=False)
    )
    (conv4_downsample): Conv2dBlock(
      (pad): ZeroPad2d((0, 0, 0, 0))
      (activation): ELU(alpha=1.0, inplace=True)
      (conv): Conv2d(32, 32, kernel_size=(3, 3), stride=(2, 2), padding=(1, 1))
      (dropout): Dropout2d(p=0.3, inplace=False)
    )
    (conv5): Conv2dBlock(
      (pad): ZeroPad2d((0, 0, 0, 0))
      (activation): ELU(alpha=1.0, inplace=True)
      (conv): Conv2d(32, 64, kernel_size=(3, 3), stride=(1, 1), padding=(1, 1))
      (dropout): Dropout2d(p=0.3, inplace=False)
    )
    (conv6): Conv2dBlock(
      (pad): ZeroPad2d((0, 0, 0, 0))
      (activation): ELU(alpha=1.0, inplace=True)
      (conv): Conv2d(64, 64, kernel_size=(3, 3), stride=(1, 1), padding=(1, 1))
      (dropout): Dropout2d(p=0.3, inplace=False)
    )
    (conv7_atrous): Conv2dBlock(
      (pad): ZeroPad2d((0, 0, 0, 0))
      (activation): ELU(alpha=1.0, inplace=True)
      (conv): Conv2d(64, 64, kernel_size=(3, 3), stride=(1, 1), padding=(2, 2), dilation=(2, 2))
      (dropout): Dropout2d(p=0.3, inplace=False)
    )
    (conv8_atrous): Conv2dBlock(
      (pad): ZeroPad2d((0, 0, 0, 0))
      (activation): ELU(alpha=1.0, inplace=True)
      (conv): Conv2d(64, 64, kernel_size=(3, 3), stride=(1, 1), padding=(4, 4), dilation=(4, 4))
      (dropout): Dropout2d(p=0.3, inplace=False)
    )
    (conv9_atrous): Conv2dBlock(
      (pad): ZeroPad2d((0, 0, 0, 0))
      (activation): ELU(alpha=1.0, inplace=True)
      (conv): Conv2d(64, 64, kernel_size=(3, 3), stride=(1, 1), padding=(8, 8), dilation=(8, 8))
      (dropout): Dropout2d(p=0.3, inplace=False)
    )
    (conv10_atrous): Conv2dBlock(
      (pad): ZeroPad2d((0, 0, 0, 0))
      (activation): ELU(alpha=1.0, inplace=True)
      (conv): Conv2d(64, 64, kernel_size=(3, 3), stride=(1, 1), padding=(16, 16), dilation=(16, 16))
      (dropout): Dropout2d(p=0.3, inplace=False)
    )
    (pmconv1): Conv2dBlock(
      (pad): ZeroPad2d((0, 0, 0, 0))
      (activation): ELU(alpha=1.0, inplace=True)
      (conv): Conv2d(8, 16, kernel_size=(5, 5), stride=(1, 1), padding=(2, 2))
      (dropout): Dropout2d(p=0.3, inplace=False)
    )
    (pmconv2_downsample): Conv2dBlock(
      (pad): ZeroPad2d((0, 0, 0, 0))
      (activation): ELU(alpha=1.0, inplace=True)
      (conv): Conv2d(16, 16, kernel_size=(3, 3), stride=(2, 2), padding=(1, 1))
      (dropout): Dropout2d(p=0.3, inplace=False)
    )
    (pmconv3): Conv2dBlock(
      (pad): ZeroPad2d((0, 0, 0, 0))
      (activation): ELU(alpha=1.0, inplace=True)
      (conv): Conv2d(16, 32, kernel_size=(3, 3), stride=(1, 1), padding=(1, 1))
      (dropout): Dropout2d(p=0.3, inplace=False)
    )
    (pmconv4_downsample): Conv2dBlock(
      (pad): ZeroPad2d((0, 0, 0, 0))
      (activation): ELU(alpha=1.0, inplace=True)
      (conv): Conv2d(32, 64, kernel_size=(3, 3), stride=(2, 2), padding=(1, 1))
      (dropout): Dropout2d(p=0.3, inplace=False)
    )
    (pmconv5): Conv2dBlock(
      (pad): ZeroPad2d((0, 0, 0, 0))
      (activation): ELU(alpha=1.0, inplace=True)
      (conv): Conv2d(64, 64, kernel_size=(3, 3), stride=(1, 1), padding=(1, 1))
      (dropout): Dropout2d(p=0.3, inplace=False)
    )
    (pmconv6): Conv2dBlock(
      (pad): ZeroPad2d((0, 0, 0, 0))
      (activation): ReLU(inplace=True)
      (conv): Conv2d(64, 64, kernel_size=(3, 3), stride=(1, 1), padding=(1, 1))
      (dropout): Dropout2d(p=0.3, inplace=False)
    )
    (contextul_attention): ContextualAttention()
    (pmconv9): Conv2dBlock(
      (pad): ZeroPad2d((0, 0, 0, 0))
      (activation): ELU(alpha=1.0, inplace=True)
      (conv): Conv2d(64, 64, kernel_size=(3, 3), stride=(1, 1), padding=(1, 1))
      (dropout): Dropout2d(p=0.3, inplace=False)
    )
    (pmconv10): Conv2dBlock(
      (pad): ZeroPad2d((0, 0, 0, 0))
      (activation): ELU(alpha=1.0, inplace=True)
      (conv): Conv2d(64, 64, kernel_size=(3, 3), stride=(1, 1), padding=(1, 1))
      (dropout): Dropout2d(p=0.3, inplace=False)
    )
    (allconv11): Conv2dBlock(
      (pad): ZeroPad2d((0, 0, 0, 0))
      (activation): ELU(alpha=1.0, inplace=True)
      (conv): Conv2d(128, 64, kernel_size=(3, 3), stride=(1, 1), padding=(1, 1))
      (dropout): Dropout2d(p=0.3, inplace=False)
    )
    (allconv12): Conv2dBlock(
      (pad): ZeroPad2d((0, 0, 0, 0))
      (activation): ELU(alpha=1.0, inplace=True)
      (conv): Conv2d(64, 64, kernel_size=(3, 3), stride=(1, 1), padding=(1, 1))
      (dropout): Dropout2d(p=0.3, inplace=False)
    )
    (allconv13): Conv2dBlock(
      (pad): ZeroPad2d((0, 0, 0, 0))
      (activation): ELU(alpha=1.0, inplace=True)
      (conv): Conv2d(64, 32, kernel_size=(3, 3), stride=(1, 1), padding=(1, 1))
      (dropout): Dropout2d(p=0.3, inplace=False)
    )
    (allconv14): Conv2dBlock(
      (pad): ZeroPad2d((0, 0, 0, 0))
      (activation): ELU(alpha=1.0, inplace=True)
      (conv): Conv2d(32, 32, kernel_size=(3, 3), stride=(1, 1), padding=(1, 1))
      (dropout): Dropout2d(p=0.3, inplace=False)
    )
    (allconv15): Conv2dBlock(
      (pad): ZeroPad2d((0, 0, 0, 0))
      (activation): ELU(alpha=1.0, inplace=True)
      (conv): Conv2d(32, 16, kernel_size=(3, 3), stride=(1, 1), padding=(1, 1))
      (dropout): Dropout2d(p=0.3, inplace=False)
    )
    (allconv16): Conv2dBlock(
      (pad): ZeroPad2d((0, 0, 0, 0))
      (activation): ELU(alpha=1.0, inplace=True)
      (conv): Conv2d(16, 8, kernel_size=(3, 3), stride=(1, 1), padding=(1, 1))
      (dropout): Dropout2d(p=0.3, inplace=False)
    )
    (allconv17): Conv2dBlock(
      (pad): ZeroPad2d((0, 0, 0, 0))
      (conv): Conv2d(8, 1, kernel_size=(3, 3), stride=(1, 1), padding=(1, 1))
    )
  )
)
2025-03-09 20:47:09,579 INFO 
LocalDis(
  (dis_conv_module): DisConvModule(
    (conv1): Conv2dBlock(
      (pad): ZeroPad2d((0, 0, 0, 0))
      (activation): LeakyReLU(negative_slope=0.2, inplace=True)
      (conv): Conv2d(1, 32, kernel_size=(5, 5), stride=(2, 2), padding=(2, 2))
    )
    (conv2): Conv2dBlock(
      (pad): ZeroPad2d((0, 0, 0, 0))
      (activation): LeakyReLU(negative_slope=0.2, inplace=True)
      (conv): Conv2d(32, 64, kernel_size=(5, 5), stride=(2, 2), padding=(2, 2))
    )
    (conv3): Conv2dBlock(
      (pad): ZeroPad2d((0, 0, 0, 0))
      (activation): LeakyReLU(negative_slope=0.2, inplace=True)
      (conv): Conv2d(64, 128, kernel_size=(5, 5), stride=(2, 2), padding=(2, 2))
    )
    (conv4): Conv2dBlock(
      (pad): ZeroPad2d((0, 0, 0, 0))
      (activation): LeakyReLU(negative_slope=0.2, inplace=True)
      (conv): Conv2d(128, 128, kernel_size=(5, 5), stride=(2, 2), padding=(2, 2))
    )
  )
  (linear): Linear(in_features=32768, out_features=1, bias=True)
)
2025-03-09 20:47:09,579 INFO 
GlobalDis(
  (dis_conv_module): DisConvModule(
    (conv1): Conv2dBlock(
      (pad): ZeroPad2d((0, 0, 0, 0))
      (activation): LeakyReLU(negative_slope=0.2, inplace=True)
      (conv): Conv2d(1, 32, kernel_size=(5, 5), stride=(2, 2), padding=(2, 2))
    )
    (conv2): Conv2dBlock(
      (pad): ZeroPad2d((0, 0, 0, 0))
      (activation): LeakyReLU(negative_slope=0.2, inplace=True)
      (conv): Conv2d(32, 64, kernel_size=(5, 5), stride=(2, 2), padding=(2, 2))
    )
    (conv3): Conv2dBlock(
      (pad): ZeroPad2d((0, 0, 0, 0))
      (activation): LeakyReLU(negative_slope=0.2, inplace=True)
      (conv): Conv2d(64, 128, kernel_size=(5, 5), stride=(2, 2), padding=(2, 2))
    )
    (conv4): Conv2dBlock(
      (pad): ZeroPad2d((0, 0, 0, 0))
      (activation): LeakyReLU(negative_slope=0.2, inplace=True)
      (conv): Conv2d(128, 128, kernel_size=(5, 5), stride=(2, 2), padding=(2, 2))
    )
  )
  (linear): Linear(in_features=32768, out_features=1, bias=True)
)
